Arguments: 
  C:\Program Files\nodejs\node.exe C:\Users\Роман\AppData\Roaming\npm\node_modules\yarn\bin\yarn.js add [package]@[version]

PATH: 
  C:\Program Files (x86)\Intel\Intel(R) Management Engine Components\iCLS\;C:\Program Files\Intel\Intel(R) Management Engine Components\iCLS\;C:\WINDOWS\system32;C:\WINDOWS;C:\WINDOWS\System32\Wbem;C:\WINDOWS\System32\WindowsPowerShell\v1.0\;C:\WINDOWS\System32\OpenSSH\;C:\Program Files (x86)\Intel\Intel(R) Management Engine Components\DAL;C:\Program Files\Intel\Intel(R) Management Engine Components\DAL;C:\Program Files\Microsoft SQL Server\120\Tools\Binn\;C:\Program Files\Common Files\Autodesk Shared\;C:\Program Files\Microsoft SQL Server\110\Tools\Binn\;C:\Program Files\nodejs\;C:\Program Files\Git\cmd;C:\Users\Роман\AppData\Local\Programs\Python\Python39\Scripts\;C:\Users\Роман\AppData\Local\Programs\Python\Python39\;C:\Users\Роман\AppData\Local\Microsoft\WindowsApps;C:\Program Files\JetBrains\PyCharm Community Edition 2020.3.2\bin;;C:\Users\Роман\AppData\Local\Programs\Microsoft VS Code\bin;C:\Users\Роман\AppData\Roaming\npm;C:\Users\Роман\AppData\Local\GitHubDesktop\bin

Yarn version: 
  1.22.19

Node version: 
  14.16.1

Platform: 
  win32 x64

Trace: 
  Error: https://registry.yarnpkg.com/[package]: Not found
      at Request.params.callback [as _callback] (C:\Users\Роман\AppData\Roaming\npm\node_modules\yarn\lib\cli.js:66145:18)
      at Request.self.callback (C:\Users\Роман\AppData\Roaming\npm\node_modules\yarn\lib\cli.js:140890:22)
      at Request.emit (events.js:315:20)
      at Request.<anonymous> (C:\Users\Роман\AppData\Roaming\npm\node_modules\yarn\lib\cli.js:141862:10)
      at Request.emit (events.js:315:20)
      at IncomingMessage.<anonymous> (C:\Users\Роман\AppData\Roaming\npm\node_modules\yarn\lib\cli.js:141784:12)
      at Object.onceWrapper (events.js:421:28)
      at IncomingMessage.emit (events.js:327:22)
      at endReadableNT (internal/streams/readable.js:1327:12)
      at processTicksAndRejections (internal/process/task_queues.js:80:21)

npm manifest: 
  {
    "name": "module17_homework",
    "version": "1.0.0",
    "main": "index.js",
    "license": "MIT"
  }

yarn manifest: 
  No manifest

Lockfile: 
  # THIS IS AN AUTOGENERATED FILE. DO NOT EDIT THIS FILE DIRECTLY.
  # yarn lockfile v1
